[2024-12-31T10:44:56.617+0000] {local_task_job_runner.py:123} INFO - ::group::Pre task execution logs
[2024-12-31T10:44:56.656+0000] {taskinstance.py:2613} INFO - Dependencies all met for dep_context=non-requeueable deps ti=<TaskInstance: final_backup1.monitor_copying_task scheduled__2024-12-30T00:00:00+00:00 [queued]>
[2024-12-31T10:44:56.668+0000] {taskinstance.py:2613} INFO - Dependencies all met for dep_context=requeueable deps ti=<TaskInstance: final_backup1.monitor_copying_task scheduled__2024-12-30T00:00:00+00:00 [queued]>
[2024-12-31T10:44:56.669+0000] {taskinstance.py:2866} INFO - Starting attempt 1 of 4
[2024-12-31T10:44:56.688+0000] {taskinstance.py:2889} INFO - Executing <Task(_PythonDecoratedOperator): monitor_copying_task> on 2024-12-30 00:00:00+00:00
[2024-12-31T10:44:56.699+0000] {logging_mixin.py:190} WARNING - /home/***/.local/lib/python3.12/site-packages/***/task/task_runner/standard_task_runner.py:70 DeprecationWarning: This process (pid=208) is multi-threaded, use of fork() may lead to deadlocks in the child.
[2024-12-31T10:44:56.699+0000] {standard_task_runner.py:104} INFO - Running: ['***', 'tasks', 'run', 'final_backup1', 'monitor_copying_task', 'scheduled__2024-12-30T00:00:00+00:00', '--job-id', '1043', '--raw', '--subdir', 'DAGS_FOLDER/final_backup1.py', '--cfg-path', '/tmp/tmp2fsc3hxf']
[2024-12-31T10:44:56.701+0000] {standard_task_runner.py:72} INFO - Started process 223 to run task
[2024-12-31T10:44:56.701+0000] {standard_task_runner.py:105} INFO - Job 1043: Subtask monitor_copying_task
[2024-12-31T10:44:56.729+0000] {logging_mixin.py:190} WARNING - /home/***/.local/lib/python3.12/site-packages/***/settings.py:209 DeprecationWarning: The sql_alchemy_conn option in [core] has been moved to the sql_alchemy_conn option in [database] - the old setting has been used, but please update your config.
[2024-12-31T10:44:56.789+0000] {task_command.py:467} INFO - Running <TaskInstance: final_backup1.monitor_copying_task scheduled__2024-12-30T00:00:00+00:00 [running]> on host 05c0118fb254
[2024-12-31T10:44:56.792+0000] {logging_mixin.py:190} WARNING - /home/***/.local/lib/python3.12/site-packages/***/settings.py:470 DeprecationWarning: The sql_alchemy_conn option in [core] has been moved to the sql_alchemy_conn option in [database] - the old setting has been used, but please update your config.
[2024-12-31T10:44:56.939+0000] {taskinstance.py:3132} INFO - Exporting env vars: AIRFLOW_CTX_DAG_OWNER='***' AIRFLOW_CTX_DAG_ID='final_backup1' AIRFLOW_CTX_TASK_ID='monitor_copying_task' AIRFLOW_CTX_EXECUTION_DATE='2024-12-30T00:00:00+00:00' AIRFLOW_CTX_TRY_NUMBER='1' AIRFLOW_CTX_DAG_RUN_ID='scheduled__2024-12-30T00:00:00+00:00'
[2024-12-31T10:44:56.941+0000] {taskinstance.py:731} INFO - ::endgroup::
[2024-12-31T10:44:56.946+0000] {final_backup1.py:211} INFO - Starting monitor for copying tasks...
[2024-12-31T10:44:56.968+0000] {final_backup1.py:222} INFO - Task copying_task is still running on check 1/10...
[2024-12-31T10:45:56.982+0000] {final_backup1.py:222} INFO - Task copying_task is still running on check 2/10...
[2024-12-31T10:46:56.991+0000] {final_backup1.py:222} INFO - Task copying_task is still running on check 3/10...
[2024-12-31T10:47:57.001+0000] {final_backup1.py:222} INFO - Task copying_task is still running on check 4/10...
[2024-12-31T10:48:57.008+0000] {final_backup1.py:222} INFO - Task copying_task is still running on check 5/10...
[2024-12-31T10:49:57.016+0000] {final_backup1.py:222} INFO - Task copying_task is still running on check 6/10...
[2024-12-31T10:50:57.027+0000] {final_backup1.py:222} INFO - Task copying_task is still running on check 7/10...
[2024-12-31T10:51:57.054+0000] {final_backup1.py:222} INFO - Task copying_task is still running on check 8/10...
[2024-12-31T10:52:57.069+0000] {final_backup1.py:222} INFO - Task copying_task is still running on check 9/10...
[2024-12-31T10:53:57.086+0000] {final_backup1.py:222} INFO - Task copying_task is still running on check 10/10...
[2024-12-31T10:54:57.084+0000] {final_backup1.py:231} WARNING - Copying tasks did not complete within the monitoring period.
[2024-12-31T10:54:57.086+0000] {python.py:240} INFO - Done. Returned value was: None
[2024-12-31T10:54:57.104+0000] {taskinstance.py:340} INFO - ::group::Post task execution logs
[2024-12-31T10:54:57.105+0000] {taskinstance.py:352} INFO - Marking task as SUCCESS. dag_id=final_backup1, task_id=monitor_copying_task, run_id=scheduled__2024-12-30T00:00:00+00:00, execution_date=20241230T000000, start_date=20241231T104456, end_date=20241231T105457
[2024-12-31T10:54:57.145+0000] {local_task_job_runner.py:266} INFO - Task exited with return code 0
[2024-12-31T10:54:57.177+0000] {taskinstance.py:3895} INFO - 0 downstream tasks scheduled from follow-on schedule check
[2024-12-31T10:54:57.182+0000] {local_task_job_runner.py:245} INFO - ::endgroup::
