[2024-12-31T10:45:02.605+0000] {local_task_job_runner.py:123} INFO - ::group::Pre task execution logs
[2024-12-31T10:45:02.633+0000] {taskinstance.py:2613} INFO - Dependencies all met for dep_context=non-requeueable deps ti=<TaskInstance: task_group.print_hello__1 manual__2024-12-31T10:33:06.145636+00:00 [queued]>
[2024-12-31T10:45:02.647+0000] {taskinstance.py:2613} INFO - Dependencies all met for dep_context=requeueable deps ti=<TaskInstance: task_group.print_hello__1 manual__2024-12-31T10:33:06.145636+00:00 [queued]>
[2024-12-31T10:45:02.650+0000] {taskinstance.py:2866} INFO - Starting attempt 1 of 2
[2024-12-31T10:45:02.689+0000] {taskinstance.py:2889} INFO - Executing <Task(_PythonDecoratedOperator): print_hello__1> on 2024-12-31 10:33:06.145636+00:00
[2024-12-31T10:45:02.698+0000] {logging_mixin.py:190} WARNING - /home/***/.local/lib/python3.12/site-packages/***/task/task_runner/standard_task_runner.py:70 DeprecationWarning: This process (pid=312) is multi-threaded, use of fork() may lead to deadlocks in the child.
[2024-12-31T10:45:02.701+0000] {standard_task_runner.py:72} INFO - Started process 319 to run task
[2024-12-31T10:45:02.699+0000] {standard_task_runner.py:104} INFO - Running: ['***', 'tasks', 'run', 'task_group', 'print_hello__1', 'manual__2024-12-31T10:33:06.145636+00:00', '--job-id', '1071', '--raw', '--subdir', 'DAGS_FOLDER/task_group.py', '--cfg-path', '/tmp/tmp895j70ul']
[2024-12-31T10:45:02.704+0000] {standard_task_runner.py:105} INFO - Job 1071: Subtask print_hello__1
[2024-12-31T10:45:02.732+0000] {logging_mixin.py:190} WARNING - /home/***/.local/lib/python3.12/site-packages/***/settings.py:209 DeprecationWarning: The sql_alchemy_conn option in [core] has been moved to the sql_alchemy_conn option in [database] - the old setting has been used, but please update your config.
[2024-12-31T10:45:02.793+0000] {task_command.py:467} INFO - Running <TaskInstance: task_group.print_hello__1 manual__2024-12-31T10:33:06.145636+00:00 [running]> on host 05c0118fb254
[2024-12-31T10:45:02.928+0000] {taskinstance.py:3132} INFO - Exporting env vars: AIRFLOW_CTX_DAG_OWNER='***' AIRFLOW_CTX_DAG_ID='task_group' AIRFLOW_CTX_TASK_ID='print_hello__1' AIRFLOW_CTX_EXECUTION_DATE='2024-12-31T10:33:06.145636+00:00' AIRFLOW_CTX_TRY_NUMBER='1' AIRFLOW_CTX_DAG_RUN_ID='manual__2024-12-31T10:33:06.145636+00:00'
[2024-12-31T10:45:02.929+0000] {taskinstance.py:731} INFO - ::endgroup::
[2024-12-31T10:45:02.933+0000] {logging_mixin.py:190} INFO - Hello Python
[2024-12-31T10:45:02.934+0000] {python.py:240} INFO - Done. Returned value was: None
[2024-12-31T10:45:02.951+0000] {taskinstance.py:340} INFO - ::group::Post task execution logs
[2024-12-31T10:45:02.952+0000] {taskinstance.py:352} INFO - Marking task as SUCCESS. dag_id=task_group, task_id=print_hello__1, run_id=manual__2024-12-31T10:33:06.145636+00:00, execution_date=20241231T103306, start_date=20241231T104502, end_date=20241231T104502
[2024-12-31T10:45:02.999+0000] {local_task_job_runner.py:266} INFO - Task exited with return code 0
[2024-12-31T10:45:03.023+0000] {taskinstance.py:3895} INFO - 0 downstream tasks scheduled from follow-on schedule check
[2024-12-31T10:45:03.026+0000] {local_task_job_runner.py:245} INFO - ::endgroup::
