[2024-12-31T10:44:59.314+0000] {local_task_job_runner.py:123} INFO - ::group::Pre task execution logs
[2024-12-31T10:44:59.342+0000] {taskinstance.py:2613} INFO - Dependencies all met for dep_context=non-requeueable deps ti=<TaskInstance: task_group.print_uppercase manual__2024-12-31T10:33:06.145636+00:00 [queued]>
[2024-12-31T10:44:59.354+0000] {taskinstance.py:2613} INFO - Dependencies all met for dep_context=requeueable deps ti=<TaskInstance: task_group.print_uppercase manual__2024-12-31T10:33:06.145636+00:00 [queued]>
[2024-12-31T10:44:59.355+0000] {taskinstance.py:2866} INFO - Starting attempt 1 of 2
[2024-12-31T10:44:59.385+0000] {taskinstance.py:2889} INFO - Executing <Task(_PythonDecoratedOperator): print_uppercase> on 2024-12-31 10:33:06.145636+00:00
[2024-12-31T10:44:59.396+0000] {logging_mixin.py:190} WARNING - /home/***/.local/lib/python3.12/site-packages/***/task/task_runner/standard_task_runner.py:70 DeprecationWarning: This process (pid=273) is multi-threaded, use of fork() may lead to deadlocks in the child.
[2024-12-31T10:44:59.397+0000] {standard_task_runner.py:72} INFO - Started process 283 to run task
[2024-12-31T10:44:59.397+0000] {standard_task_runner.py:104} INFO - Running: ['***', 'tasks', 'run', 'task_group', 'print_uppercase', 'manual__2024-12-31T10:33:06.145636+00:00', '--job-id', '1063', '--raw', '--subdir', 'DAGS_FOLDER/task_group.py', '--cfg-path', '/tmp/tmps7fvpci4']
[2024-12-31T10:44:59.403+0000] {standard_task_runner.py:105} INFO - Job 1063: Subtask print_uppercase
[2024-12-31T10:44:59.438+0000] {logging_mixin.py:190} WARNING - /home/***/.local/lib/python3.12/site-packages/***/settings.py:209 DeprecationWarning: The sql_alchemy_conn option in [core] has been moved to the sql_alchemy_conn option in [database] - the old setting has been used, but please update your config.
[2024-12-31T10:44:59.494+0000] {task_command.py:467} INFO - Running <TaskInstance: task_group.print_uppercase manual__2024-12-31T10:33:06.145636+00:00 [running]> on host 05c0118fb254
[2024-12-31T10:44:59.662+0000] {taskinstance.py:3132} INFO - Exporting env vars: AIRFLOW_CTX_DAG_OWNER='***' AIRFLOW_CTX_DAG_ID='task_group' AIRFLOW_CTX_TASK_ID='print_uppercase' AIRFLOW_CTX_EXECUTION_DATE='2024-12-31T10:33:06.145636+00:00' AIRFLOW_CTX_TRY_NUMBER='1' AIRFLOW_CTX_DAG_RUN_ID='manual__2024-12-31T10:33:06.145636+00:00'
[2024-12-31T10:44:59.664+0000] {taskinstance.py:731} INFO - ::endgroup::
[2024-12-31T10:44:59.667+0000] {logging_mixin.py:190} INFO - Uppercase of the word 'Airflow': AIRFLOW
[2024-12-31T10:44:59.668+0000] {python.py:240} INFO - Done. Returned value was: None
[2024-12-31T10:44:59.686+0000] {taskinstance.py:340} INFO - ::group::Post task execution logs
[2024-12-31T10:44:59.687+0000] {taskinstance.py:352} INFO - Marking task as SUCCESS. dag_id=task_group, task_id=print_uppercase, run_id=manual__2024-12-31T10:33:06.145636+00:00, execution_date=20241231T103306, start_date=20241231T104459, end_date=20241231T104459
[2024-12-31T10:44:59.738+0000] {local_task_job_runner.py:266} INFO - Task exited with return code 0
[2024-12-31T10:44:59.782+0000] {taskinstance.py:3895} INFO - 1 downstream tasks scheduled from follow-on schedule check
[2024-12-31T10:44:59.787+0000] {local_task_job_runner.py:245} INFO - ::endgroup::
