[2024-12-31T10:54:58.875+0000] {local_task_job_runner.py:123} INFO - ::group::Pre task execution logs
[2024-12-31T10:54:58.896+0000] {taskinstance.py:2613} INFO - Dependencies all met for dep_context=non-requeueable deps ti=<TaskInstance: final_backup1.send_success_email manual__2024-12-31T10:32:00.554374+00:00 [queued]>
[2024-12-31T10:54:58.904+0000] {taskinstance.py:2613} INFO - Dependencies all met for dep_context=requeueable deps ti=<TaskInstance: final_backup1.send_success_email manual__2024-12-31T10:32:00.554374+00:00 [queued]>
[2024-12-31T10:54:58.905+0000] {taskinstance.py:2866} INFO - Starting attempt 1 of 2
[2024-12-31T10:54:58.918+0000] {taskinstance.py:2889} INFO - Executing <Task(EmailOperator): send_success_email> on 2024-12-31 10:32:00.554374+00:00
[2024-12-31T10:54:58.924+0000] {logging_mixin.py:190} WARNING - /home/***/.local/lib/python3.12/site-packages/***/task/task_runner/standard_task_runner.py:70 DeprecationWarning: This process (pid=522) is multi-threaded, use of fork() may lead to deadlocks in the child.
[2024-12-31T10:54:58.925+0000] {standard_task_runner.py:104} INFO - Running: ['***', 'tasks', 'run', 'final_backup1', 'send_success_email', 'manual__2024-12-31T10:32:00.554374+00:00', '--job-id', '1078', '--raw', '--subdir', 'DAGS_FOLDER/final_backup1.py', '--cfg-path', '/tmp/tmp14_9sb0n']
[2024-12-31T10:54:58.926+0000] {standard_task_runner.py:72} INFO - Started process 524 to run task
[2024-12-31T10:54:58.926+0000] {standard_task_runner.py:105} INFO - Job 1078: Subtask send_success_email
[2024-12-31T10:54:58.941+0000] {logging_mixin.py:190} WARNING - /home/***/.local/lib/python3.12/site-packages/***/settings.py:209 DeprecationWarning: The sql_alchemy_conn option in [core] has been moved to the sql_alchemy_conn option in [database] - the old setting has been used, but please update your config.
[2024-12-31T10:54:58.973+0000] {task_command.py:467} INFO - Running <TaskInstance: final_backup1.send_success_email manual__2024-12-31T10:32:00.554374+00:00 [running]> on host 05c0118fb254
[2024-12-31T10:54:59.051+0000] {taskinstance.py:3132} INFO - Exporting env vars: AIRFLOW_CTX_DAG_OWNER='***' AIRFLOW_CTX_DAG_ID='final_backup1' AIRFLOW_CTX_TASK_ID='send_success_email' AIRFLOW_CTX_EXECUTION_DATE='2024-12-31T10:32:00.554374+00:00' AIRFLOW_CTX_TRY_NUMBER='1' AIRFLOW_CTX_DAG_RUN_ID='manual__2024-12-31T10:32:00.554374+00:00'
[2024-12-31T10:54:59.052+0000] {taskinstance.py:731} INFO - ::endgroup::
[2024-12-31T10:54:59.064+0000] {logging_mixin.py:190} WARNING - /home/***/.local/lib/python3.12/site-packages/***/utils/email.py:155 RemovedInAirflow3Warning: Fetching SMTP credentials from configuration variables will be deprecated in a future release. Please set credentials using a connection instead.
[2024-12-31T10:54:59.065+0000] {email.py:272} INFO - Email alerting: attempt 1
[2024-12-31T10:55:01.714+0000] {email.py:283} INFO - Sent an alert email to ['sakshiwagh11@gmail.com']
[2024-12-31T10:55:05.408+0000] {taskinstance.py:340} INFO - ::group::Post task execution logs
[2024-12-31T10:55:05.409+0000] {taskinstance.py:352} INFO - Marking task as SUCCESS. dag_id=final_backup1, task_id=send_success_email, run_id=manual__2024-12-31T10:32:00.554374+00:00, execution_date=20241231T103200, start_date=20241231T105458, end_date=20241231T105505
[2024-12-31T10:55:05.430+0000] {local_task_job_runner.py:266} INFO - Task exited with return code 0
[2024-12-31T10:55:05.446+0000] {taskinstance.py:3895} INFO - 0 downstream tasks scheduled from follow-on schedule check
[2024-12-31T10:55:05.448+0000] {local_task_job_runner.py:245} INFO - ::endgroup::
