[2024-12-31T10:44:59.311+0000] {local_task_job_runner.py:123} INFO - ::group::Pre task execution logs
[2024-12-31T10:44:59.345+0000] {taskinstance.py:2613} INFO - Dependencies all met for dep_context=non-requeueable deps ti=<TaskInstance: final_backup1.find_files_task manual__2024-12-31T10:32:00.554374+00:00 map_index=1 [queued]>
[2024-12-31T10:44:59.362+0000] {taskinstance.py:2613} INFO - Dependencies all met for dep_context=requeueable deps ti=<TaskInstance: final_backup1.find_files_task manual__2024-12-31T10:32:00.554374+00:00 map_index=1 [queued]>
[2024-12-31T10:44:59.365+0000] {taskinstance.py:2866} INFO - Starting attempt 1 of 4
[2024-12-31T10:44:59.390+0000] {taskinstance.py:2889} INFO - Executing <Mapped(_PythonDecoratedOperator): find_files_task> on 2024-12-31 10:32:00.554374+00:00
[2024-12-31T10:44:59.401+0000] {standard_task_runner.py:104} INFO - Running: ['***', 'tasks', 'run', 'final_backup1', 'find_files_task', 'manual__2024-12-31T10:32:00.554374+00:00', '--job-id', '1060', '--raw', '--subdir', 'DAGS_FOLDER/final_backup1.py', '--cfg-path', '/tmp/tmpt4_85gec', '--map-index', '1']
[2024-12-31T10:44:59.404+0000] {standard_task_runner.py:105} INFO - Job 1060: Subtask find_files_task
[2024-12-31T10:44:59.401+0000] {logging_mixin.py:190} WARNING - /home/***/.local/lib/python3.12/site-packages/***/task/task_runner/standard_task_runner.py:70 DeprecationWarning: This process (pid=271) is multi-threaded, use of fork() may lead to deadlocks in the child.
[2024-12-31T10:44:59.405+0000] {standard_task_runner.py:72} INFO - Started process 285 to run task
[2024-12-31T10:44:59.435+0000] {logging_mixin.py:190} WARNING - /home/***/.local/lib/python3.12/site-packages/***/settings.py:209 DeprecationWarning: The sql_alchemy_conn option in [core] has been moved to the sql_alchemy_conn option in [database] - the old setting has been used, but please update your config.
[2024-12-31T10:44:59.498+0000] {task_command.py:467} INFO - Running <TaskInstance: final_backup1.find_files_task manual__2024-12-31T10:32:00.554374+00:00 map_index=1 [running]> on host 05c0118fb254
[2024-12-31T10:44:59.655+0000] {taskinstance.py:3132} INFO - Exporting env vars: AIRFLOW_CTX_DAG_OWNER='***' AIRFLOW_CTX_DAG_ID='final_backup1' AIRFLOW_CTX_TASK_ID='find_files_task' AIRFLOW_CTX_EXECUTION_DATE='2024-12-31T10:32:00.554374+00:00' AIRFLOW_CTX_TRY_NUMBER='1' AIRFLOW_CTX_DAG_RUN_ID='manual__2024-12-31T10:32:00.554374+00:00'
[2024-12-31T10:44:59.659+0000] {taskinstance.py:731} INFO - ::endgroup::
[2024-12-31T10:44:59.665+0000] {final_backup1.py:127} INFO - Scanning directory: Source/src_dir2 for new or updated files...
[2024-12-31T10:45:14.163+0000] {final_backup1.py:150} INFO - Found 0 new or updated files.
[2024-12-31T10:45:14.164+0000] {final_backup1.py:155} INFO - Files to copy from Source/src_dir2: []
[2024-12-31T10:45:14.166+0000] {python.py:240} INFO - Done. Returned value was: {'Source/src_dir2': []}
[2024-12-31T10:45:14.199+0000] {taskinstance.py:340} INFO - ::group::Post task execution logs
[2024-12-31T10:45:14.201+0000] {taskinstance.py:352} INFO - Marking task as SUCCESS. dag_id=final_backup1, task_id=find_files_task, run_id=manual__2024-12-31T10:32:00.554374+00:00, map_index=1, execution_date=20241231T103200, start_date=20241231T104459, end_date=20241231T104514
[2024-12-31T10:45:14.240+0000] {local_task_job_runner.py:266} INFO - Task exited with return code 0
[2024-12-31T10:45:14.277+0000] {taskinstance.py:3895} INFO - 1 downstream tasks scheduled from follow-on schedule check
[2024-12-31T10:45:14.280+0000] {local_task_job_runner.py:245} INFO - ::endgroup::
