[2024-12-31T10:45:00.807+0000] {local_task_job_runner.py:123} INFO - ::group::Pre task execution logs
[2024-12-31T10:45:00.834+0000] {taskinstance.py:2613} INFO - Dependencies all met for dep_context=non-requeueable deps ti=<TaskInstance: task_group.reverse_word__4 manual__2024-12-31T10:33:06.145636+00:00 [queued]>
[2024-12-31T10:45:00.850+0000] {taskinstance.py:2613} INFO - Dependencies all met for dep_context=requeueable deps ti=<TaskInstance: task_group.reverse_word__4 manual__2024-12-31T10:33:06.145636+00:00 [queued]>
[2024-12-31T10:45:00.851+0000] {taskinstance.py:2866} INFO - Starting attempt 1 of 2
[2024-12-31T10:45:00.876+0000] {taskinstance.py:2889} INFO - Executing <Task(_PythonDecoratedOperator): reverse_word__4> on 2024-12-31 10:33:06.145636+00:00
[2024-12-31T10:45:00.884+0000] {logging_mixin.py:190} WARNING - /home/***/.local/lib/python3.12/site-packages/***/task/task_runner/standard_task_runner.py:70 DeprecationWarning: This process (pid=293) is multi-threaded, use of fork() may lead to deadlocks in the child.
[2024-12-31T10:45:00.886+0000] {standard_task_runner.py:72} INFO - Started process 302 to run task
[2024-12-31T10:45:00.884+0000] {standard_task_runner.py:104} INFO - Running: ['***', 'tasks', 'run', 'task_group', 'reverse_word__4', 'manual__2024-12-31T10:33:06.145636+00:00', '--job-id', '1067', '--raw', '--subdir', 'DAGS_FOLDER/task_group.py', '--cfg-path', '/tmp/tmpq3470vbz']
[2024-12-31T10:45:00.887+0000] {standard_task_runner.py:105} INFO - Job 1067: Subtask reverse_word__4
[2024-12-31T10:45:00.915+0000] {logging_mixin.py:190} WARNING - /home/***/.local/lib/python3.12/site-packages/***/settings.py:209 DeprecationWarning: The sql_alchemy_conn option in [core] has been moved to the sql_alchemy_conn option in [database] - the old setting has been used, but please update your config.
[2024-12-31T10:45:00.983+0000] {task_command.py:467} INFO - Running <TaskInstance: task_group.reverse_word__4 manual__2024-12-31T10:33:06.145636+00:00 [running]> on host 05c0118fb254
[2024-12-31T10:45:01.144+0000] {taskinstance.py:3132} INFO - Exporting env vars: AIRFLOW_CTX_DAG_OWNER='***' AIRFLOW_CTX_DAG_ID='task_group' AIRFLOW_CTX_TASK_ID='reverse_word__4' AIRFLOW_CTX_EXECUTION_DATE='2024-12-31T10:33:06.145636+00:00' AIRFLOW_CTX_TRY_NUMBER='1' AIRFLOW_CTX_DAG_RUN_ID='manual__2024-12-31T10:33:06.145636+00:00'
[2024-12-31T10:45:01.146+0000] {taskinstance.py:731} INFO - ::endgroup::
[2024-12-31T10:45:01.151+0000] {logging_mixin.py:190} INFO - Reversed word of 'Execution': noitucexE
[2024-12-31T10:45:01.152+0000] {python.py:240} INFO - Done. Returned value was: None
[2024-12-31T10:45:01.175+0000] {taskinstance.py:340} INFO - ::group::Post task execution logs
[2024-12-31T10:45:01.176+0000] {taskinstance.py:352} INFO - Marking task as SUCCESS. dag_id=task_group, task_id=reverse_word__4, run_id=manual__2024-12-31T10:33:06.145636+00:00, execution_date=20241231T103306, start_date=20241231T104500, end_date=20241231T104501
[2024-12-31T10:45:01.224+0000] {local_task_job_runner.py:266} INFO - Task exited with return code 0
[2024-12-31T10:45:01.257+0000] {taskinstance.py:3895} INFO - 1 downstream tasks scheduled from follow-on schedule check
[2024-12-31T10:45:01.260+0000] {local_task_job_runner.py:245} INFO - ::endgroup::
